This file contains any messages produced by compilers while
running configure, to aid debugging if configure makes a mistake.

It was created by Myapp configure 1.0, which was
generated by GNU Autoconf 2.69.  Invocation command line was

  $ ./configure 

## --------- ##
## Platform. ##
## --------- ##

hostname = ivan-Aspire-A515-51G
uname -m = x86_64
uname -r = 5.4.0-167-generic
uname -s = Linux
uname -v = #184-Ubuntu SMP Tue Oct 31 09:21:49 UTC 2023

/usr/bin/uname -p = unknown
/bin/uname -X     = unknown

/bin/arch              = unknown
/usr/bin/arch -k       = unknown
/usr/convex/getsysinfo = unknown
/usr/bin/hostinfo      = unknown
/bin/machine           = unknown
/usr/bin/oslevel       = unknown
/bin/universe          = unknown

PATH: /home/ivan/.opam/default/bin
PATH: /home/ivan/developer/scripts/tp/bin-shellscript-pakages
PATH: /opt/glslang//bin
PATH: /home/ivan/.deno/bin
PATH: /home/ivan/developer/shell-script-tool-kit/bin-shellscript-pakages
PATH: /home/ivan/.goenv/shims
PATH: /home/ivan/.goenv/bin
PATH: /home/ivan/.cargo/bin
PATH: /home/ivan/.rbenv/shims
PATH: /home/ivan/.rbenv/bin
PATH: /home/linuxbrew/.linuxbrew/Cellar/pyenv@42/0.0.1/plugins/pyenv-virtualenv/shims
PATH: /home/ivan/.pyenv/shims
PATH: /home/ivan/.ndenv/shims
PATH: /home/ivan/.ndenv/bin
PATH: /home/ivan/.luaenv/shims
PATH: /home/ivan/.luaenv/bin
PATH: /home/ivan/.jenv/shims
PATH: /home/ivan/.jenv/bin
PATH: /home/linuxbrew/.linuxbrew/bin
PATH: /home/linuxbrew/.linuxbrew/sbin
PATH: /home/linuxbrew/.linuxbrew/bin
PATH: /usr/local/texlive/2019/bin/x86_64-linux
PATH: /usr/local/bin
PATH: /bin
PATH: /usr/bin
PATH: /home/ivan/.linuxbrew/bin
PATH: /snap/bin
PATH: /home/ivan/.dotnet/tools
PATH: /usr/lib/jvm/java-16-oracle/bin
PATH: /usr/lib/jvm/java-16-oracle/db/bin
PATH: /home/ivan/.config/nvim-pde-local/lazy/fzf/bin


## ----------- ##
## Core tests. ##
## ----------- ##

configure:2176: checking for a BSD-compatible install
configure:2244: result: /usr/bin/install -c
configure:2255: checking whether build environment is sane
configure:2310: result: yes
configure:2459: checking for a thread-safe mkdir -p
configure:2498: result: /bin/mkdir -p
configure:2505: checking for gawk
configure:2521: found /usr/bin/gawk
configure:2532: result: gawk
configure:2543: checking whether make sets $(MAKE)
configure:2565: result: yes
configure:2594: checking whether make supports nested variables
configure:2611: result: yes
configure:2787: checking for gcc
configure:2803: found /usr/bin/gcc
configure:2814: result: gcc
configure:3043: checking for C compiler version
configure:3052: gcc --version >&5
gcc (Ubuntu 9.4.0-1ubuntu1~20.04.2) 9.4.0
Copyright (C) 2019 Free Software Foundation, Inc.
This is free software; see the source for copying conditions.  There is NO
warranty; not even for MERCHANTABILITY or FITNESS FOR A PARTICULAR PURPOSE.

configure:3063: $? = 0
configure:3052: gcc -v >&5
Using built-in specs.
COLLECT_GCC=gcc
COLLECT_LTO_WRAPPER=/usr/lib/gcc/x86_64-linux-gnu/9/lto-wrapper
OFFLOAD_TARGET_NAMES=nvptx-none:hsa
OFFLOAD_TARGET_DEFAULT=1
Target: x86_64-linux-gnu
Configured with: ../src/configure -v --with-pkgversion='Ubuntu 9.4.0-1ubuntu1~20.04.2' --with-bugurl=file:///usr/share/doc/gcc-9/README.Bugs --enable-languages=c,ada,c++,go,brig,d,fortran,objc,obj-c++,gm2 --prefix=/usr --with-gcc-major-version-only --program-suffix=-9 --program-prefix=x86_64-linux-gnu- --enable-shared --enable-linker-build-id --libexecdir=/usr/lib --without-included-gettext --enable-threads=posix --libdir=/usr/lib --enable-nls --enable-clocale=gnu --enable-libstdcxx-debug --enable-libstdcxx-time=yes --with-default-libstdcxx-abi=new --enable-gnu-unique-object --disable-vtable-verify --enable-plugin --enable-default-pie --with-system-zlib --with-target-system-zlib=auto --enable-objc-gc=auto --enable-multiarch --disable-werror --with-arch-32=i686 --with-abi=m64 --with-multilib-list=m32,m64,mx32 --enable-multilib --with-tune=generic --enable-offload-targets=nvptx-none=/build/gcc-9-9QDOt0/gcc-9-9.4.0/debian/tmp-nvptx/usr,hsa --without-cuda-driver --enable-checking=release --build=x86_64-linux-gnu --host=x86_64-linux-gnu --target=x86_64-linux-gnu
Thread model: posix
gcc version 9.4.0 (Ubuntu 9.4.0-1ubuntu1~20.04.2) 
configure:3063: $? = 0
configure:3052: gcc -V >&5
gcc: error: unrecognized command line option '-V'
gcc: fatal error: no input files
compilation terminated.
configure:3063: $? = 1
configure:3052: gcc -qversion >&5
gcc: error: unrecognized command line option '-qversion'; did you mean '--version'?
gcc: fatal error: no input files
compilation terminated.
configure:3063: $? = 1
configure:3083: checking whether the C compiler works
configure:3105: gcc    conftest.c  >&5
configure:3109: $? = 0
configure:3157: result: yes
configure:3160: checking for C compiler default output file name
configure:3162: result: a.out
configure:3168: checking for suffix of executables
configure:3175: gcc -o conftest    conftest.c  >&5
configure:3179: $? = 0
configure:3201: result: 
configure:3223: checking whether we are cross compiling
configure:3231: gcc -o conftest    conftest.c  >&5
configure:3235: $? = 0
configure:3242: ./conftest
configure:3246: $? = 0
configure:3234: result: no
configure:3239: checking for suffix of object files
configure:3261: gcc -c   conftest.c >&5
configure:3265: $? = 0
configure:3286: result: o
configure:3290: checking whether we are using the GNU C compiler
configure:3309: gcc -c   conftest.c >&5
configure:3309: $? = 0
configure:3318: result: yes
configure:3327: checking whether gcc accepts -g
configure:3347: gcc -c -g  conftest.c >&5
configure:3347: $? = 0
configure:3388: result: yes
configure:3405: checking for gcc option to accept ISO C89
configure:3468: gcc  -c -g -O2  conftest.c >&5
configure:3468: $? = 0
configure:3481: result: none needed
configure:3506: checking whether gcc understands -c and -o together
configure:3528: gcc -c conftest.c -o conftest2.o
configure:3531: $? = 0
configure:3528: gcc -c conftest.c -o conftest2.o
configure:3531: $? = 0
configure:3543: result: yes
configure:3563: checking whether make supports the include directive
configure:3578: make -f confmf.GNU && cat confinc.out
this is the am__doit target
configure:3581: $? = 0
configure:3600: result: yes (GNU style)
configure:3625: checking dependency style of gcc
configure:3736: result: gcc3
configure:3803: checking for ar
configure:3819: found /usr/bin/ar
configure:3830: result: ar
configure:3856: checking the archiver (ar) interface
configure:3872: gcc -c -g -O2  conftest.c >&5
configure:3872: $? = 0
configure:3874: ar cru libconftest.a conftest.o >&5
ar: `u' modifier ignored since `D' is the default (see `U')
configure:3877: $? = 0
configure:3876: result: ar
configure:3925: checking build system type
configure:3939: result: x86_64-pc-linux-gnu
configure:3959: checking host system type
configure:3972: result: x86_64-pc-linux-gnu
configure:4013: checking how to print strings
configure:4040: result: printf
configure:4061: checking for a sed that does not truncate output
configure:4125: result: /bin/sed
configure:4143: checking for grep that handles long lines and -e
configure:4201: result: /bin/grep
configure:4206: checking for egrep
configure:4268: result: /bin/grep -E
configure:4273: checking for fgrep
configure:4335: result: /bin/grep -F
configure:4370: checking for ld used by gcc
configure:4437: result: /usr/bin/ld
configure:4444: checking if the linker (/usr/bin/ld) is GNU ld
configure:4459: result: yes
configure:4471: checking for BSD- or MS-compatible name lister (nm)
configure:4525: result: /usr/bin/nm -B
configure:4655: checking the name lister (/usr/bin/nm -B) interface
configure:4662: gcc -c -g -O2  conftest.c >&5
configure:4665: /usr/bin/nm -B "conftest.o"
configure:4668: output
0000000000000000 B some_variable
configure:4669: result: BSD nm
configure:4672: checking whether ln -s works
configure:4676: result: yes
configure:4684: checking the maximum length of command line arguments
configure:4815: result: 1572864
configure:4863: checking how to convert x86_64-pc-linux-gnu file names to x86_64-pc-linux-gnu format
configure:4903: result: func_convert_file_noop
configure:4910: checking how to convert x86_64-pc-linux-gnu file names to toolchain format
configure:4930: result: func_convert_file_noop
configure:4937: checking for /usr/bin/ld option to reload object files
configure:4944: result: -r
configure:5018: checking for objdump
configure:5034: found /usr/bin/objdump
configure:5045: result: objdump
configure:5077: checking how to recognize dependent libraries
configure:5277: result: pass_all
configure:5362: checking for dlltool
configure:5392: result: no
configure:5422: checking how to associate runtime and link libraries
configure:5449: result: printf %s\n
configure:5573: checking for archiver @FILE support
configure:5590: gcc -c -g -O2  conftest.c >&5
configure:5590: $? = 0
configure:5593: ar cr libconftest.a @conftest.lst >&5
configure:5596: $? = 0
configure:5601: ar cr libconftest.a @conftest.lst >&5
ar: conftest.o: No such file or directory
configure:5604: $? = 1
configure:5603: result: @
configure:5661: checking for strip
configure:5677: found /usr/bin/strip
configure:5688: result: strip
configure:5760: checking for ranlib
configure:5776: found /usr/bin/ranlib
configure:5787: result: ranlib
configure:5889: checking command to parse /usr/bin/nm -B output from gcc object
configure:6042: gcc -c -g -O2  conftest.c >&5
configure:6045: $? = 0
configure:6049: /usr/bin/nm -B conftest.o | sed -n -e 's/^.*[	 ]\([ABCDGIRSTW][ABCDGIRSTW]*\)[	 ][	 ]*\([_A-Za-z][_A-Za-z0-9]*\)$/\1 \2 \2/p' | sed '/ __gnu_lto/d' > conftest.nm
configure:6115: gcc -o conftest -g -O2   conftest.c conftstm.o >&5
configure:6118: $? = 0
configure:6156: result: ok
configure:6203: checking for sysroot
configure:6233: result: no
configure:6240: checking for a working dd
configure:6278: result: /bin/dd
configure:6282: checking how to truncate binary pipes
configure:6297: result: /bin/dd bs=4096 count=1
configure:6433: gcc -c -g -O2  conftest.c >&5
configure:6436: $? = 0
configure:6626: checking for mt
configure:6642: found /bin/mt
configure:6653: result: mt
configure:6676: checking if mt is a manifest tool
configure:6682: mt '-?'
configure:6690: result: no
configure:7367: checking how to run the C preprocessor
configure:7398: gcc -E  conftest.c
configure:7398: $? = 0
configure:7412: gcc -E  conftest.c
conftest.c:11:10: fatal error: ac_nonexistent.h: No such file or directory
   11 | #include <ac_nonexistent.h>
      |          ^~~~~~~~~~~~~~~~~~
compilation terminated.
configure:7412: $? = 1
configure: failed program was:
| /* confdefs.h */
| #define PACKAGE_NAME "Myapp"
| #define PACKAGE_TARNAME "myapp"
| #define PACKAGE_VERSION "1.0"
| #define PACKAGE_STRING "Myapp 1.0"
| #define PACKAGE_BUGREPORT "seuemail@example.com"
| #define PACKAGE_URL ""
| #define PACKAGE "myapp"
| #define VERSION "1.0"
| /* end confdefs.h.  */
| #include <ac_nonexistent.h>
configure:7437: result: gcc -E
configure:7457: gcc -E  conftest.c
configure:7457: $? = 0
configure:7471: gcc -E  conftest.c
conftest.c:11:10: fatal error: ac_nonexistent.h: No such file or directory
   11 | #include <ac_nonexistent.h>
      |          ^~~~~~~~~~~~~~~~~~
compilation terminated.
configure:7471: $? = 1
configure: failed program was:
| /* confdefs.h */
| #define PACKAGE_NAME "Myapp"
| #define PACKAGE_TARNAME "myapp"
| #define PACKAGE_VERSION "1.0"
| #define PACKAGE_STRING "Myapp 1.0"
| #define PACKAGE_BUGREPORT "seuemail@example.com"
| #define PACKAGE_URL ""
| #define PACKAGE "myapp"
| #define VERSION "1.0"
| /* end confdefs.h.  */
| #include <ac_nonexistent.h>
configure:7500: checking for ANSI C header files
configure:7520: gcc -c -g -O2  conftest.c >&5
configure:7520: $? = 0
configure:7593: gcc -o conftest -g -O2   conftest.c  >&5
configure:7593: $? = 0
configure:7593: ./conftest
configure:7593: $? = 0
configure:7604: result: yes
configure:7617: checking for sys/types.h
configure:7617: gcc -c -g -O2  conftest.c >&5
configure:7617: $? = 0
configure:7617: result: yes
configure:7617: checking for sys/stat.h
configure:7617: gcc -c -g -O2  conftest.c >&5
configure:7617: $? = 0
configure:7617: result: yes
configure:7617: checking for stdlib.h
configure:7617: gcc -c -g -O2  conftest.c >&5
configure:7617: $? = 0
configure:7617: result: yes
configure:7617: checking for string.h
configure:7617: gcc -c -g -O2  conftest.c >&5
configure:7617: $? = 0
configure:7617: result: yes
configure:7617: checking for memory.h
configure:7617: gcc -c -g -O2  conftest.c >&5
configure:7617: $? = 0
configure:7617: result: yes
configure:7617: checking for strings.h
configure:7617: gcc -c -g -O2  conftest.c >&5
configure:7617: $? = 0
configure:7617: result: yes
configure:7617: checking for inttypes.h
configure:7617: gcc -c -g -O2  conftest.c >&5
configure:7617: $? = 0
configure:7617: result: yes
configure:7617: checking for stdint.h
configure:7617: gcc -c -g -O2  conftest.c >&5
configure:7617: $? = 0
configure:7617: result: yes
configure:7617: checking for unistd.h
configure:7617: gcc -c -g -O2  conftest.c >&5
configure:7617: $? = 0
configure:7617: result: yes
configure:7631: checking for dlfcn.h
configure:7631: gcc -c -g -O2  conftest.c >&5
configure:7631: $? = 0
configure:7631: result: yes
configure:7887: checking for objdir
configure:7902: result: .libs
configure:8162: checking if gcc supports -fno-rtti -fno-exceptions
configure:8180: gcc -c -g -O2  -fno-rtti -fno-exceptions conftest.c >&5
cc1: warning: command line option '-fno-rtti' is valid for C++/D/ObjC++ but not for C
configure:8184: $? = 0
configure:8197: result: no
configure:8561: checking for gcc option to produce PIC
configure:8568: result: -fPIC -DPIC
configure:8576: checking if gcc PIC flag -fPIC -DPIC works
configure:8594: gcc -c -g -O2  -fPIC -DPIC -DPIC conftest.c >&5
configure:8598: $? = 0
configure:8611: result: yes
configure:8640: checking if gcc static flag -static works
configure:8668: result: yes
configure:8683: checking if gcc supports -c -o file.o
configure:8704: gcc -c -g -O2  -o out/conftest2.o conftest.c >&5
configure:8708: $? = 0
configure:8730: result: yes
configure:8738: checking if gcc supports -c -o file.o
configure:8785: result: yes
configure:8818: checking whether the gcc linker (/usr/bin/ld -m elf_x86_64) supports shared libraries
configure:10081: result: yes
configure:10118: checking whether -lc should be explicitly linked in
configure:10126: gcc -c -g -O2  conftest.c >&5
configure:10129: $? = 0
configure:10144: gcc -shared  -fPIC -DPIC conftest.o  -v -Wl,-soname -Wl,conftest -o conftest 2\>\&1 \| /bin/grep  -lc  \>/dev/null 2\>\&1
configure:10147: $? = 0
configure:10161: result: no
configure:10321: checking dynamic linker characteristics
configure:10902: gcc -o conftest -g -O2   -Wl,-rpath -Wl,/foo conftest.c  >&5
configure:10902: $? = 0
configure:11151: result: GNU/Linux ld.so
configure:11273: checking how to hardcode library paths into programs
configure:11298: result: immediate
configure:11846: checking whether stripping libraries is possible
configure:11851: result: yes
configure:11886: checking if libtool supports shared libraries
configure:11888: result: yes
configure:11891: checking whether to build shared libraries
configure:11916: result: yes
configure:11919: checking whether to build static libraries
configure:11923: result: yes
configure:8848: checking that generated files are newer than configure
configure:8854: result: done
configure:8877: creating ./config.status

## ---------------------- ##
## Running config.status. ##
## ---------------------- ##

This file was extended by Myapp config.status 1.0, which was
generated by GNU Autoconf 2.69.  Invocation command line was

  CONFIG_FILES    = 
  CONFIG_HEADERS  = 
  CONFIG_LINKS    = 
  CONFIG_COMMANDS = 
  $ ./config.status 

on ivan-Aspire-A515-51G

config.status:1082: creating Makefile
config.status:1082: creating lib/Makefile
config.status:1082: creating src/Makefile
config.status:1082: creating config.h
config.status:1311: executing depfiles commands
config.status:1388: cd lib       && sed -e '/# am--include-marker/d' Makefile         | make -f - am--depfiles
config.status:1393: $? = 0
config.status:1388: cd src       && sed -e '/# am--include-marker/d' Makefile         | make -f - am--depfiles
config.status:1393: $? = 0
config.status:1311: executing libtool commands

## ---------------- ##
## Cache variables. ##
## ---------------- ##

ac_cv_build=x86_64-pc-linux-gnu
ac_cv_c_compiler_gnu=yes
ac_cv_env_CC_set=
ac_cv_env_CC_value=
ac_cv_env_CFLAGS_set=
ac_cv_env_CFLAGS_value=
ac_cv_env_CPPFLAGS_set=
ac_cv_env_CPPFLAGS_value=
ac_cv_env_CPP_set=
ac_cv_env_CPP_value=
ac_cv_env_LDFLAGS_set=
ac_cv_env_LDFLAGS_value=
ac_cv_env_LIBS_set=
ac_cv_env_LIBS_value=
ac_cv_env_LT_SYS_LIBRARY_PATH_set=
ac_cv_env_LT_SYS_LIBRARY_PATH_value=
ac_cv_env_build_alias_set=
ac_cv_env_build_alias_value=
ac_cv_env_host_alias_set=
ac_cv_env_host_alias_value=
ac_cv_env_target_alias_set=
ac_cv_env_target_alias_value=
ac_cv_header_dlfcn_h=yes
ac_cv_header_inttypes_h=yes
ac_cv_header_memory_h=yes
ac_cv_header_stdc=yes
ac_cv_header_stdint_h=yes
ac_cv_header_stdlib_h=yes
ac_cv_header_string_h=yes
ac_cv_header_strings_h=yes
ac_cv_header_sys_stat_h=yes
ac_cv_header_sys_types_h=yes
ac_cv_header_unistd_h=yes
ac_cv_host=x86_64-pc-linux-gnu
ac_cv_objext=o
ac_cv_path_EGREP='/bin/grep -E'
ac_cv_path_FGREP='/bin/grep -F'
ac_cv_path_GREP=/bin/grep
ac_cv_path_SED=/bin/sed
ac_cv_path_install='/usr/bin/install -c'
ac_cv_path_lt_DD=/bin/dd
ac_cv_path_mkdir=/bin/mkdir
ac_cv_prog_AWK=gawk
ac_cv_prog_CPP='gcc -E'
ac_cv_prog_ac_ct_AR=ar
ac_cv_prog_ac_ct_CC=gcc
ac_cv_prog_ac_ct_MANIFEST_TOOL=mt
ac_cv_prog_ac_ct_OBJDUMP=objdump
ac_cv_prog_ac_ct_RANLIB=ranlib
ac_cv_prog_ac_ct_STRIP=strip
ac_cv_prog_cc_c89=
ac_cv_prog_cc_g=yes
ac_cv_prog_make_make_set=yes
am_cv_CC_dependencies_compiler_type=gcc3
am_cv_ar_interface=ar
am_cv_make_support_nested_variables=yes
am_cv_prog_cc_c_o=yes
lt_cv_ar_at_file=@
lt_cv_archive_cmds_need_lc=no
lt_cv_deplibs_check_method=pass_all
lt_cv_file_magic_cmd='$MAGIC_CMD'
lt_cv_file_magic_test_file=
lt_cv_ld_reload_flag=-r
lt_cv_nm_interface='BSD nm'
lt_cv_objdir=.libs
lt_cv_path_LD=/usr/bin/ld
lt_cv_path_NM='/usr/bin/nm -B'
lt_cv_path_mainfest_tool=no
lt_cv_prog_compiler_c_o=yes
lt_cv_prog_compiler_pic='-fPIC -DPIC'
lt_cv_prog_compiler_pic_works=yes
lt_cv_prog_compiler_rtti_exceptions=no
lt_cv_prog_compiler_static_works=yes
lt_cv_prog_gnu_ld=yes
lt_cv_sharedlib_from_linklib_cmd='printf %s\n'
lt_cv_shlibpath_overrides_runpath=yes
lt_cv_sys_global_symbol_pipe='sed -n -e '\''s/^.*[	 ]\([ABCDGIRSTW][ABCDGIRSTW]*\)[	 ][	 ]*\([_A-Za-z][_A-Za-z0-9]*\)$/\1 \2 \2/p'\'' | sed '\''/ __gnu_lto/d'\'''
lt_cv_sys_global_symbol_to_c_name_address='sed -n -e '\''s/^: \(.*\) .*$/  {"\1", (void *) 0},/p'\'' -e '\''s/^[ABCDGIRSTW][ABCDGIRSTW]* .* \(.*\)$/  {"\1", (void *) \&\1},/p'\'''
lt_cv_sys_global_symbol_to_c_name_address_lib_prefix='sed -n -e '\''s/^: \(.*\) .*$/  {"\1", (void *) 0},/p'\'' -e '\''s/^[ABCDGIRSTW][ABCDGIRSTW]* .* \(lib.*\)$/  {"\1", (void *) \&\1},/p'\'' -e '\''s/^[ABCDGIRSTW][ABCDGIRSTW]* .* \(.*\)$/  {"lib\1", (void *) \&\1},/p'\'''
lt_cv_sys_global_symbol_to_cdecl='sed -n -e '\''s/^T .* \(.*\)$/extern int \1();/p'\'' -e '\''s/^[ABCDGIRSTW][ABCDGIRSTW]* .* \(.*\)$/extern char \1;/p'\'''
lt_cv_sys_global_symbol_to_import=
lt_cv_sys_max_cmd_len=1572864
lt_cv_to_host_file_cmd=func_convert_file_noop
lt_cv_to_tool_file_cmd=func_convert_file_noop
lt_cv_truncate_bin='/bin/dd bs=4096 count=1'

## ----------------- ##
## Output variables. ##
## ----------------- ##

ACLOCAL='${SHELL} /workspace/autotools/c/03/missing aclocal-1.16'
AMDEPBACKSLASH='\'
AMDEP_FALSE='#'
AMDEP_TRUE=''
AMTAR='$${TAR-tar}'
AM_BACKSLASH='\'
AM_DEFAULT_V='$(AM_DEFAULT_VERBOSITY)'
AM_DEFAULT_VERBOSITY='1'
AM_V='$(V)'
AR='ar'
AUTOCONF='${SHELL} /workspace/autotools/c/03/missing autoconf'
AUTOHEADER='${SHELL} /workspace/autotools/c/03/missing autoheader'
AUTOMAKE='${SHELL} /workspace/autotools/c/03/missing automake-1.16'
AWK='gawk'
CC='gcc'
CCDEPMODE='depmode=gcc3'
CFLAGS='-g -O2'
CPP='gcc -E'
CPPFLAGS=''
CYGPATH_W='echo'
DEFS='-DHAVE_CONFIG_H'
DEPDIR='.deps'
DLLTOOL='false'
DSYMUTIL=''
DUMPBIN=''
ECHO_C=''
ECHO_N='-n'
ECHO_T=''
EGREP='/bin/grep -E'
EXEEXT=''
FGREP='/bin/grep -F'
GREP='/bin/grep'
INSTALL_DATA='${INSTALL} -m 644'
INSTALL_PROGRAM='${INSTALL}'
INSTALL_SCRIPT='${INSTALL}'
INSTALL_STRIP_PROGRAM='$(install_sh) -c -s'
LD='/usr/bin/ld -m elf_x86_64'
LDFLAGS=''
LIBOBJS=''
LIBS=''
LIBTOOL='$(SHELL) $(top_builddir)/libtool'
LIPO=''
LN_S='ln -s'
LTLIBOBJS=''
LT_SYS_LIBRARY_PATH=''
MAKEINFO='${SHELL} /workspace/autotools/c/03/missing makeinfo'
MANIFEST_TOOL=':'
MKDIR_P='/bin/mkdir -p'
NM='/usr/bin/nm -B'
NMEDIT=''
OBJDUMP='objdump'
OBJEXT='o'
OTOOL64=''
OTOOL=''
PACKAGE='myapp'
PACKAGE_BUGREPORT='seuemail@example.com'
PACKAGE_NAME='Myapp'
PACKAGE_STRING='Myapp 1.0'
PACKAGE_TARNAME='myapp'
PACKAGE_URL=''
PACKAGE_VERSION='1.0'
PATH_SEPARATOR=':'
RANLIB='ranlib'
SED='/bin/sed'
SET_MAKE=''
SHELL='/bin/bash'
STRIP='strip'
VERSION='1.0'
ac_ct_AR='ar'
ac_ct_CC='gcc'
ac_ct_DUMPBIN=''
am__EXEEXT_FALSE=''
am__EXEEXT_TRUE='#'
am__fastdepCC_FALSE='#'
am__fastdepCC_TRUE=''
am__include='include'
am__isrc=''
am__leading_dot='.'
am__nodep='_no'
am__quote=''
am__tar='$${TAR-tar} chof - "$$tardir"'
am__untar='$${TAR-tar} xf -'
bindir='${exec_prefix}/bin'
build='x86_64-pc-linux-gnu'
build_alias=''
build_cpu='x86_64'
build_os='linux-gnu'
build_vendor='pc'
datadir='${datarootdir}'
datarootdir='${prefix}/share'
docdir='${datarootdir}/doc/${PACKAGE_TARNAME}'
dvidir='${docdir}'
exec_prefix='${prefix}'
host='x86_64-pc-linux-gnu'
host_alias=''
host_cpu='x86_64'
host_os='linux-gnu'
host_vendor='pc'
htmldir='${docdir}'
includedir='${prefix}/include'
infodir='${datarootdir}/info'
install_sh='${SHELL} /workspace/autotools/c/03/install-sh'
libdir='${exec_prefix}/lib'
libexecdir='${exec_prefix}/libexec'
localedir='${datarootdir}/locale'
localstatedir='${prefix}/var'
mandir='${datarootdir}/man'
mkdir_p='$(MKDIR_P)'
oldincludedir='/usr/include'
pdfdir='${docdir}'
prefix='/usr/local'
program_transform_name='s,x,x,'
psdir='${docdir}'
runstatedir='${localstatedir}/run'
sbindir='${exec_prefix}/sbin'
sharedstatedir='${prefix}/com'
sysconfdir='${prefix}/etc'
target_alias=''

## ----------- ##
## confdefs.h. ##
## ----------- ##

/* confdefs.h */
#define PACKAGE_NAME "Myapp"
#define PACKAGE_TARNAME "myapp"
#define PACKAGE_VERSION "1.0"
#define PACKAGE_STRING "Myapp 1.0"
#define PACKAGE_BUGREPORT "seuemail@example.com"
#define PACKAGE_URL ""
#define PACKAGE "myapp"
#define VERSION "1.0"
#define STDC_HEADERS 1
#define HAVE_SYS_TYPES_H 1
#define HAVE_SYS_STAT_H 1
#define HAVE_STDLIB_H 1
#define HAVE_STRING_H 1
#define HAVE_MEMORY_H 1
#define HAVE_STRINGS_H 1
#define HAVE_INTTYPES_H 1
#define HAVE_STDINT_H 1
#define HAVE_UNISTD_H 1
#define HAVE_DLFCN_H 1
#define LT_OBJDIR ".libs/"

configure: exit 0
